05-Mar-2024 00:58:58.270 INFO [main] org.apache.catalina.startup.VersionLoggerListener.log Server version name:   Apache Tomcat/9.0.86
05-Mar-2024 00:58:58.272 INFO [main] org.apache.catalina.startup.VersionLoggerListener.log Server built:          Feb 14 2024 08:15:12 UTC
05-Mar-2024 00:58:58.272 INFO [main] org.apache.catalina.startup.VersionLoggerListener.log Server version number: 9.0.86.0
05-Mar-2024 00:58:58.273 INFO [main] org.apache.catalina.startup.VersionLoggerListener.log OS Name:               Linux
05-Mar-2024 00:58:58.273 INFO [main] org.apache.catalina.startup.VersionLoggerListener.log OS Version:            3.10.0-1160.el7.x86_64
05-Mar-2024 00:58:58.273 INFO [main] org.apache.catalina.startup.VersionLoggerListener.log Architecture:          amd64
05-Mar-2024 00:58:58.273 INFO [main] org.apache.catalina.startup.VersionLoggerListener.log Java Home:             /usr/lib/jvm/java-1.8.0-openjdk-1.8.0.262.b10-1.el7.x86_64/jre
05-Mar-2024 00:58:58.273 INFO [main] org.apache.catalina.startup.VersionLoggerListener.log JVM Version:           1.8.0_262-b10
05-Mar-2024 00:58:58.273 INFO [main] org.apache.catalina.startup.VersionLoggerListener.log JVM Vendor:            Oracle Corporation
05-Mar-2024 00:58:58.273 INFO [main] org.apache.catalina.startup.VersionLoggerListener.log CATALINA_BASE:         /OPT/apache-tomcat/instances/payment
05-Mar-2024 00:58:58.273 INFO [main] org.apache.catalina.startup.VersionLoggerListener.log CATALINA_HOME:         /OPT/apache-tomcat/instances/payment
05-Mar-2024 00:58:58.278 INFO [main] org.apache.catalina.startup.VersionLoggerListener.log Command line argument: -Djava.util.logging.config.file=/OPT/apache-tomcat/instances/payment/conf/logging.properties
05-Mar-2024 00:58:58.278 INFO [main] org.apache.catalina.startup.VersionLoggerListener.log Command line argument: -Djava.util.logging.manager=org.apache.juli.ClassLoaderLogManager
05-Mar-2024 00:58:58.278 INFO [main] org.apache.catalina.startup.VersionLoggerListener.log Command line argument: -Djdk.tls.ephemeralDHKeySize=2048
05-Mar-2024 00:58:58.278 INFO [main] org.apache.catalina.startup.VersionLoggerListener.log Command line argument: -Djava.protocol.handler.pkgs=org.apache.catalina.webresources
05-Mar-2024 00:58:58.278 INFO [main] org.apache.catalina.startup.VersionLoggerListener.log Command line argument: -Dorg.apache.catalina.security.SecurityListener.UMASK=0027
05-Mar-2024 00:58:58.278 INFO [main] org.apache.catalina.startup.VersionLoggerListener.log Command line argument: -Dignore.endorsed.dirs=
05-Mar-2024 00:58:58.278 INFO [main] org.apache.catalina.startup.VersionLoggerListener.log Command line argument: -Dcatalina.base=/OPT/apache-tomcat/instances/payment
05-Mar-2024 00:58:58.278 INFO [main] org.apache.catalina.startup.VersionLoggerListener.log Command line argument: -Dcatalina.home=/OPT/apache-tomcat/instances/payment
05-Mar-2024 00:58:58.278 INFO [main] org.apache.catalina.startup.VersionLoggerListener.log Command line argument: -Djava.io.tmpdir=/OPT/apache-tomcat/instances/payment/temp
05-Mar-2024 00:58:58.280 INFO [main] org.apache.catalina.core.AprLifecycleListener.lifecycleEvent The Apache Tomcat Native library which allows using OpenSSL was not found on the java.library.path: [/usr/java/packages/lib/amd64:/usr/lib64:/lib64:/lib:/usr/lib]
05-Mar-2024 00:58:58.619 INFO [main] org.apache.coyote.AbstractProtocol.init Initializing ProtocolHandler ["http-nio-8082"]
05-Mar-2024 00:58:58.642 INFO [main] org.apache.catalina.startup.Catalina.load Server initialization in [600] milliseconds
05-Mar-2024 00:58:58.712 INFO [main] org.apache.catalina.core.StandardService.startInternal Starting service [Catalina]
05-Mar-2024 00:58:58.712 INFO [main] org.apache.catalina.core.StandardEngine.startInternal Starting Servlet engine: [Apache Tomcat/9.0.86]
05-Mar-2024 00:58:58.721 INFO [main] org.apache.catalina.startup.HostConfig.deployDirectory Deploying web application directory [/OPT/apache-tomcat/instances/payment/webapps/ROOT]
05-Mar-2024 00:58:58.977 INFO [main] org.apache.catalina.startup.HostConfig.deployDirectory Deployment of web application directory [/OPT/apache-tomcat/instances/payment/webapps/ROOT] has finished in [256] ms
05-Mar-2024 00:58:58.978 INFO [main] org.apache.catalina.startup.HostConfig.deployDirectory Deploying web application directory [/OPT/apache-tomcat/instances/payment/webapps/docs]
05-Mar-2024 00:58:58.996 INFO [main] org.apache.catalina.startup.HostConfig.deployDirectory Deployment of web application directory [/OPT/apache-tomcat/instances/payment/webapps/docs] has finished in [18] ms
05-Mar-2024 00:58:58.997 INFO [main] org.apache.catalina.startup.HostConfig.deployDirectory Deploying web application directory [/OPT/apache-tomcat/instances/payment/webapps/examples]
05-Mar-2024 00:58:59.294 INFO [main] org.apache.catalina.startup.HostConfig.deployDirectory Deployment of web application directory [/OPT/apache-tomcat/instances/payment/webapps/examples] has finished in [297] ms
05-Mar-2024 00:58:59.294 INFO [main] org.apache.catalina.startup.HostConfig.deployDirectory Deploying web application directory [/OPT/apache-tomcat/instances/payment/webapps/host-manager]
05-Mar-2024 00:58:59.313 INFO [main] org.apache.catalina.startup.HostConfig.deployDirectory Deployment of web application directory [/OPT/apache-tomcat/instances/payment/webapps/host-manager] has finished in [18] ms
05-Mar-2024 00:58:59.313 INFO [main] org.apache.catalina.startup.HostConfig.deployDirectory Deploying web application directory [/OPT/apache-tomcat/instances/payment/webapps/manager]
05-Mar-2024 00:58:59.329 INFO [main] org.apache.catalina.startup.HostConfig.deployDirectory Deployment of web application directory [/OPT/apache-tomcat/instances/payment/webapps/manager] has finished in [15] ms
05-Mar-2024 00:58:59.335 INFO [main] org.apache.coyote.AbstractProtocol.start Starting ProtocolHandler ["http-nio-8082"]
05-Mar-2024 00:58:59.360 INFO [main] org.apache.catalina.startup.Catalina.start Server startup in [717] milliseconds
05-Mar-2024 01:40:30.701 INFO [http-nio-8082-exec-9] org.apache.coyote.http11.Http11Processor.service Error parsing HTTP request header
 Note: further occurrences of HTTP request parsing errors will be logged at DEBUG level.
	java.lang.IllegalArgumentException: Invalid character found in method name [shutdown0x0d0x0a...]. HTTP method names must be tokens
		at org.apache.coyote.http11.Http11InputBuffer.parseRequestLine(Http11InputBuffer.java:407)
		at org.apache.coyote.http11.Http11Processor.service(Http11Processor.java:263)
		at org.apache.coyote.AbstractProcessorLight.process(AbstractProcessorLight.java:63)
		at org.apache.coyote.AbstractProtocol$ConnectionHandler.process(AbstractProtocol.java:928)
		at org.apache.tomcat.util.net.NioEndpoint$SocketProcessor.doRun(NioEndpoint.java:1794)
		at org.apache.tomcat.util.net.SocketProcessorBase.run(SocketProcessorBase.java:52)
		at org.apache.tomcat.util.threads.ThreadPoolExecutor.runWorker(ThreadPoolExecutor.java:1191)
		at org.apache.tomcat.util.threads.ThreadPoolExecutor$Worker.run(ThreadPoolExecutor.java:659)
		at org.apache.tomcat.util.threads.TaskThread$WrappingRunnable.run(TaskThread.java:63)
		at java.lang.Thread.run(Thread.java:748)
05-Mar-2024 01:51:23.414 INFO [Thread-2] org.apache.coyote.AbstractProtocol.pause Pausing ProtocolHandler ["http-nio-8082"]
05-Mar-2024 01:51:23.479 INFO [Thread-2] org.apache.catalina.core.StandardService.stopInternal Stopping service [Catalina]
05-Mar-2024 01:51:23.826 INFO [Thread-2] org.apache.coyote.AbstractProtocol.stop Stopping ProtocolHandler ["http-nio-8082"]
05-Mar-2024 01:52:55.182 INFO [main] org.apache.catalina.startup.VersionLoggerListener.log Server version name:   Apache Tomcat/9.0.86
05-Mar-2024 01:52:55.185 INFO [main] org.apache.catalina.startup.VersionLoggerListener.log Server built:          Feb 14 2024 08:15:12 UTC
05-Mar-2024 01:52:55.185 INFO [main] org.apache.catalina.startup.VersionLoggerListener.log Server version number: 9.0.86.0
05-Mar-2024 01:52:55.185 INFO [main] org.apache.catalina.startup.VersionLoggerListener.log OS Name:               Linux
05-Mar-2024 01:52:55.185 INFO [main] org.apache.catalina.startup.VersionLoggerListener.log OS Version:            3.10.0-1160.el7.x86_64
05-Mar-2024 01:52:55.185 INFO [main] org.apache.catalina.startup.VersionLoggerListener.log Architecture:          amd64
05-Mar-2024 01:52:55.185 INFO [main] org.apache.catalina.startup.VersionLoggerListener.log Java Home:             /usr/lib/jvm/java-1.8.0-openjdk-1.8.0.262.b10-1.el7.x86_64/jre
05-Mar-2024 01:52:55.185 INFO [main] org.apache.catalina.startup.VersionLoggerListener.log JVM Version:           1.8.0_262-b10
05-Mar-2024 01:52:55.186 INFO [main] org.apache.catalina.startup.VersionLoggerListener.log JVM Vendor:            Oracle Corporation
05-Mar-2024 01:52:55.186 INFO [main] org.apache.catalina.startup.VersionLoggerListener.log CATALINA_BASE:         /OPT/apache-tomcat/instances/payment
05-Mar-2024 01:52:55.186 INFO [main] org.apache.catalina.startup.VersionLoggerListener.log CATALINA_HOME:         /OPT/apache-tomcat
05-Mar-2024 01:52:55.188 INFO [main] org.apache.catalina.startup.VersionLoggerListener.log Command line argument: -Djava.util.logging.config.file=/OPT/apache-tomcat/instances/payment/conf/logging.properties
05-Mar-2024 01:52:55.188 INFO [main] org.apache.catalina.startup.VersionLoggerListener.log Command line argument: -Djava.util.logging.manager=org.apache.juli.ClassLoaderLogManager
05-Mar-2024 01:52:55.188 INFO [main] org.apache.catalina.startup.VersionLoggerListener.log Command line argument: -Djdk.tls.ephemeralDHKeySize=2048
05-Mar-2024 01:52:55.188 INFO [main] org.apache.catalina.startup.VersionLoggerListener.log Command line argument: -Djava.protocol.handler.pkgs=org.apache.catalina.webresources
05-Mar-2024 01:52:55.188 INFO [main] org.apache.catalina.startup.VersionLoggerListener.log Command line argument: -Dorg.apache.catalina.security.SecurityListener.UMASK=0027
05-Mar-2024 01:52:55.188 INFO [main] org.apache.catalina.startup.VersionLoggerListener.log Command line argument: -Dignore.endorsed.dirs=
05-Mar-2024 01:52:55.188 INFO [main] org.apache.catalina.startup.VersionLoggerListener.log Command line argument: -Dcatalina.base=/OPT/apache-tomcat/instances/payment
05-Mar-2024 01:52:55.189 INFO [main] org.apache.catalina.startup.VersionLoggerListener.log Command line argument: -Dcatalina.home=/OPT/apache-tomcat
05-Mar-2024 01:52:55.189 INFO [main] org.apache.catalina.startup.VersionLoggerListener.log Command line argument: -Djava.io.tmpdir=/OPT/apache-tomcat/instances/payment/temp
05-Mar-2024 01:52:55.190 INFO [main] org.apache.catalina.core.AprLifecycleListener.lifecycleEvent The Apache Tomcat Native library which allows using OpenSSL was not found on the java.library.path: [/usr/java/packages/lib/amd64:/usr/lib64:/lib64:/lib:/usr/lib]
05-Mar-2024 01:52:55.542 INFO [main] org.apache.coyote.AbstractProtocol.init Initializing ProtocolHandler ["http-nio-8082"]
05-Mar-2024 01:52:55.578 INFO [main] org.apache.catalina.startup.Catalina.load Server initialization in [660] milliseconds
05-Mar-2024 01:52:55.614 INFO [main] org.apache.catalina.core.StandardService.startInternal Starting service [Catalina]
05-Mar-2024 01:52:55.614 INFO [main] org.apache.catalina.core.StandardEngine.startInternal Starting Servlet engine: [Apache Tomcat/9.0.86]
05-Mar-2024 01:52:55.623 INFO [main] org.apache.catalina.startup.HostConfig.deployDirectory Deploying web application directory [/OPT/apache-tomcat/instances/payment/webapps/ROOT]
05-Mar-2024 01:52:55.898 INFO [main] org.apache.catalina.startup.HostConfig.deployDirectory Deployment of web application directory [/OPT/apache-tomcat/instances/payment/webapps/ROOT] has finished in [257] ms
05-Mar-2024 01:52:55.898 INFO [main] org.apache.catalina.startup.HostConfig.deployDirectory Deploying web application directory [/OPT/apache-tomcat/instances/payment/webapps/docs]
05-Mar-2024 01:52:55.928 INFO [main] org.apache.catalina.startup.HostConfig.deployDirectory Deployment of web application directory [/OPT/apache-tomcat/instances/payment/webapps/docs] has finished in [29] ms
05-Mar-2024 01:52:55.928 INFO [main] org.apache.catalina.startup.HostConfig.deployDirectory Deploying web application directory [/OPT/apache-tomcat/instances/payment/webapps/examples]
05-Mar-2024 01:52:56.319 INFO [main] org.apache.catalina.startup.HostConfig.deployDirectory Deployment of web application directory [/OPT/apache-tomcat/instances/payment/webapps/examples] has finished in [391] ms
05-Mar-2024 01:52:56.320 INFO [main] org.apache.catalina.startup.HostConfig.deployDirectory Deploying web application directory [/OPT/apache-tomcat/instances/payment/webapps/host-manager]
05-Mar-2024 01:52:56.350 INFO [main] org.apache.catalina.startup.HostConfig.deployDirectory Deployment of web application directory [/OPT/apache-tomcat/instances/payment/webapps/host-manager] has finished in [30] ms
05-Mar-2024 01:52:56.350 INFO [main] org.apache.catalina.startup.HostConfig.deployDirectory Deploying web application directory [/OPT/apache-tomcat/instances/payment/webapps/manager]
05-Mar-2024 01:52:56.373 INFO [main] org.apache.catalina.startup.HostConfig.deployDirectory Deployment of web application directory [/OPT/apache-tomcat/instances/payment/webapps/manager] has finished in [23] ms
05-Mar-2024 01:52:56.383 INFO [main] org.apache.coyote.AbstractProtocol.start Starting ProtocolHandler ["http-nio-8082"]
05-Mar-2024 01:52:56.400 INFO [main] org.apache.catalina.startup.Catalina.start Server startup in [821] milliseconds
05-Mar-2024 01:54:05.613 INFO [main] org.apache.catalina.core.StandardServer.await A valid shutdown command was received via the shutdown port. Stopping the Server instance.
05-Mar-2024 01:54:05.613 INFO [main] org.apache.coyote.AbstractProtocol.pause Pausing ProtocolHandler ["http-nio-8082"]
05-Mar-2024 01:54:05.669 INFO [main] org.apache.catalina.core.StandardService.stopInternal Stopping service [Catalina]
05-Mar-2024 01:54:05.691 INFO [main] org.apache.coyote.AbstractProtocol.stop Stopping ProtocolHandler ["http-nio-8082"]
05-Mar-2024 01:54:05.699 INFO [main] org.apache.coyote.AbstractProtocol.destroy Destroying ProtocolHandler ["http-nio-8082"]
