05-Mar-2024 00:56:44.753 INFO [main] org.apache.catalina.core.ApplicationContext.log ContextListener: contextInitialized()
05-Mar-2024 00:56:44.753 INFO [main] org.apache.catalina.core.ApplicationContext.log SessionListener: contextInitialized()
05-Mar-2024 00:56:44.754 INFO [main] org.apache.catalina.core.ApplicationContext.log ContextListener: attributeAdded('StockTicker', 'async.Stockticker@38e79ae3')
05-Mar-2024 01:32:58.817 INFO [main] org.apache.catalina.core.ApplicationContext.log ContextListener: contextInitialized()
05-Mar-2024 01:32:58.817 INFO [main] org.apache.catalina.core.ApplicationContext.log SessionListener: contextInitialized()
05-Mar-2024 01:32:58.822 INFO [main] org.apache.catalina.core.ApplicationContext.log ContextListener: attributeAdded('StockTicker', 'async.Stockticker@77f80c04')
05-Mar-2024 01:32:58.905 INFO [main] org.apache.catalina.core.ApplicationContext.log SessionListener: contextDestroyed()
05-Mar-2024 01:32:58.905 INFO [main] org.apache.catalina.core.ApplicationContext.log ContextListener: contextDestroyed()
05-Mar-2024 01:47:04.330 INFO [main] org.apache.catalina.core.ApplicationContext.log ContextListener: contextInitialized()
05-Mar-2024 01:47:04.331 INFO [main] org.apache.catalina.core.ApplicationContext.log SessionListener: contextInitialized()
05-Mar-2024 01:47:04.332 INFO [main] org.apache.catalina.core.ApplicationContext.log ContextListener: attributeAdded('StockTicker', 'async.Stockticker@71c3b41')
05-Mar-2024 01:47:04.409 INFO [main] org.apache.catalina.core.ApplicationContext.log SessionListener: contextDestroyed()
05-Mar-2024 01:47:04.409 INFO [main] org.apache.catalina.core.ApplicationContext.log ContextListener: contextDestroyed()
05-Mar-2024 01:51:23.633 INFO [Thread-2] org.apache.catalina.core.ApplicationContext.log SessionListener: contextDestroyed()
05-Mar-2024 01:51:23.634 INFO [Thread-2] org.apache.catalina.core.ApplicationContext.log ContextListener: contextDestroyed()
05-Mar-2024 01:52:52.196 INFO [main] org.apache.catalina.core.ApplicationContext.log ContextListener: contextInitialized()
05-Mar-2024 01:52:52.196 INFO [main] org.apache.catalina.core.ApplicationContext.log SessionListener: contextInitialized()
05-Mar-2024 01:52:52.197 INFO [main] org.apache.catalina.core.ApplicationContext.log ContextListener: attributeAdded('StockTicker', 'async.Stockticker@36d585c')
05-Mar-2024 01:54:01.051 INFO [main] org.apache.catalina.core.ApplicationContext.log SessionListener: contextDestroyed()
05-Mar-2024 01:54:01.051 INFO [main] org.apache.catalina.core.ApplicationContext.log ContextListener: contextDestroyed()
